
FullName
--------
C:\Users\alexs\alexsnow-restvanna.github.io\alexsnow-restvanna.github.io\src\blog
C:\Users\alexs\alexsnow-restvanna.github.io\alexsnow-restvanna.github.io\src\components
C:\Users\alexs\alexsnow-restvanna.github.io\alexsnow-restvanna.github.io\src\layouts
C:\Users\alexs\alexsnow-restvanna.github.io\alexsnow-restvanna.github.io\src\pages
C:\Users\alexs\alexsnow-restvanna.github.io\alexsnow-restvanna.github.io\src\env.d.ts
C:\Users\alexs\alexsnow-restvanna.github.io\alexsnow-restvanna.github.io\src\blog\[slug].astro
C:\Users\alexs\alexsnow-restvanna.github.io\alexsnow-restvanna.github.io\src\blog\blog.astro
C:\Users\alexs\alexsnow-restvanna.github.io\alexsnow-restvanna.github.io\src\blog\uhod-za-vannoy.md
C:\Users\alexs\alexsnow-restvanna.github.io\alexsnow-restvanna.github.io\src\components\works
C:\Users\alexs\alexsnow-restvanna.github.io\alexsnow-restvanna.github.io\src\components\ContactForm.astro
C:\Users\alexs\alexsnow-restvanna.github.io\alexsnow-restvanna.github.io\src\components\Hero.astro
C:\Users\alexs\alexsnow-restvanna.github.io\alexsnow-restvanna.github.io\src\components\Pricing.astro
C:\Users\alexs\alexsnow-restvanna.github.io\alexsnow-restvanna.github.io\src\components\works\Gallery.astro
C:\Users\alexs\alexsnow-restvanna.github.io\alexsnow-restvanna.github.io\src\components\works\Slider.astro
C:\Users\alexs\alexsnow-restvanna.github.io\alexsnow-restvanna.github.io\src\layouts\Layout.astro
C:\Users\alexs\alexsnow-restvanna.github.io\alexsnow-restvanna.github.io\src\pages\index.astro
C:\Users\alexs\alexsnow-restvanna.github.io\alexsnow-restvanna.github.io\public\images
C:\Users\alexs\alexsnow-restvanna.github.io\alexsnow-restvanna.github.io\public\images\works
C:\Users\alexs\alexsnow-restvanna.github.io\alexsnow-restvanna.github.io\public\images\bath-03-after.jpg
C:\Users\alexs\alexsnow-restvanna.github.io\alexsnow-restvanna.github.io\public\images\bath-03-before.jpg
C:\Users\alexs\alexsnow-restvanna.github.io\alexsnow-restvanna.github.io\public\images\bath-04-after.jpg
C:\Users\alexs\alexsnow-restvanna.github.io\alexsnow-restvanna.github.io\public\images\bath-04-before.jpg
C:\Users\alexs\alexsnow-restvanna.github.io\alexsnow-restvanna.github.io\public\images\bath-04-process.jpg
C:\Users\alexs\alexsnow-restvanna.github.io\alexsnow-restvanna.github.io\public\images\bath-05-before.jpg
C:\Users\alexs\alexsnow-restvanna.github.io\alexsnow-restvanna.github.io\public\images\bath-06-before.jpg
C:\Users\alexs\alexsnow-restvanna.github.io\alexsnow-restvanna.github.io\public\images\works\gallery-1.jpg
C:\Users\alexs\alexsnow-restvanna.github.io\alexsnow-restvanna.github.io\public\images\works\gallery-2.jpg
C:\Users\alexs\alexsnow-restvanna.github.io\alexsnow-restvanna.github.io\public\images\works\gallery-3.jpg
C:\Users\alexs\alexsnow-restvanna.github.io\alexsnow-restvanna.github.io\public\images\works\gallery-4.jpg

